-----=== REFERENCE FLOW ORGANIZER ===-----
 Creating folder structure
 Moving artifacts to folders
.
в”њв”Ђв”Ђ docs
в”‚В В  в””в”Ђв”Ђ README.md
в”њв”Ђв”Ђ include
в”‚В В  в””в”Ђв”Ђ defs.vh
в”њв”Ђв”Ђ Makefile
в”њв”Ђв”Ђ organize.log
в”њв”Ђв”Ђ organize.sh
в”њв”Ђв”Ђ report_hierarchy.rpt
в”њв”Ђв”Ђ scripts
в”‚В В  в”њв”Ђв”Ђ design_hierarchy.tcl
в”‚В В  в”њв”Ђв”Ђ script.tcl
в”‚В В  в””в”Ђв”Ђ sim.do
в”њв”Ђв”Ђ src
в”‚В В  в”њв”Ђв”Ђ alu.v
в”‚В В  в”њв”Ђв”Ђ mux.v
в”‚В В  в”њв”Ђв”Ђ netlist.v
в”‚В В  в”њв”Ђв”Ђ regfile.v
в”‚В В  в””в”Ђв”Ђ top.v
в””в”Ђв”Ђ tb
    в””в”Ђв”Ђ alu_tb.v

6 directories, 15 files
